5288212
5288212
5288212
5288212
5288212
5288212
5288212
5288212
5288212
5288212
5288212
5288180
5288180
5288180
5288148
5288148
5288180
5288148
5288180
5288180
5288180
5288180
5288180
5288180
5288148
5288180
5288180
5288148
5288180
5288180
5288180
5288180
5288148
5288180
5288180
5288180
5288180
5288180
5288180
5288148
5361092
5855820
6372188
7436356
7979940
8285132
8234652
8234652
8234652
8234652
8234652
8234652
8234620
8234652
8234652
8234652
8234744
8234776
8234768
8234768
8234768
8234736
8234768
8234736
8234768
8234768
8234768
8234768
8234768
8234768
8234768
8234768
8234768
8234768
8234768
8234768
8234768
8234736
8234736
8234768
8234768
8234768
8234768
8234736
8234768
8234540
8234480
8234512
8234480
8234512
8234512
8234512
8234512
8234512
8234512
8234480
8234512
8234512
8234480
8234512
8234480
8234480
8234480
8234512
8234512
8234480
8234512
8234480
8234512
8234512
8234480
8234512
8234512
8234512
8234512
8234512
8234512
8234480
8234512
8234512
8234512
8234512
8234512
8234512
8234512
8234512
8234512
8234480
8234512
8234496
8234496
8234496
8234496
8234496
8234496
8234496
8234496
8234496
8234496
8234464
8234464
8234496
8234496
8234464
8234496
8234496
8234496
8234496
8234496
8234496
8234464
8234496
8234496
8234496
8234464
8234464
8234496
8234496
8234464
8234496
8234496
8234464
8234464
8234496
8234496
8234496
8234496
8234496
8234464
8234464
8234464
8234464
8234464
8234496
8234496
8234496
8234464
8234464
8234496
8234496
8234464
8234464
8234496
8234464
8234464
8234496
8234496
8234464
8234496
8234464
8234496
8234464
8234496
8234464
8234496
8234496
8234496
8234496
8234496
8234496
8234464
8234464
8234496
8234496
8234496
8234496
8234496
8234496
8234496
8234496
8234496
8234496
8234464
8234496
8234464
8234496
8234464
8234496
8234496
8234464
8234464
8234496
8234464
8234496
8234496
8234464
8234496
8234496
8234496
8234464
8234496
8234496
8234496
8234496
8234464
8234496
8234464
8234496
8234496
8234496
8234496
8234496
8234496
8234496
8234496
8234496
8234464
8234496
8234496
8234496
8234496
8234496
8234464
8234464
8234496
8234496
8234496
8234496
8234496
8234496
8234496
8234496
8234464
8234496
8234496
8234464
8234496
8234496
8234496
8234464
8234496
8234496
8234464
8234496
8234464
8234496
8234480
8234448
8234480
8234480
8234480
8234480
8234480
8234480
8234480
8234448
8234448
8234480
8234480
8234448
8234480
8234448
8234448
8234480
8234480
8234448
8234448
8234480
8234480
8234480
8234480
8234480
8234480
8234480
8234480
8234480
8234480
8234480
8234448
8234480
8234480
8234480
8234480
8234480
8234448
8234480
8234480
8234480
8234448
8234480
8234448
8234480
8234480
8234448
8234480
8234480
8234480
8234480
8234480
8234480
8234480
8234480
8234480
8234448
8234480
8234480
8234480
8234448
8234480
8234448
8234448
8234480
8234448
8234480
8234448
8234480
8234480
8234480
8234448
8234448
8234712
8234620
8234588
8234620
8234620
8234588
8234620
8234620
8234620
8234620
8234620
8234588
8234620
8234620
8234620
8234620
8234588
8234620
8234588
8234620
8234620
8234620
8234620
8234588
8234588
8234556
8234588
8234556
8234588
8234556
8234588
8234588
8234588
8234588
8234588
8234588
8234588
8234588
8234588
8234556
8234588
8234588
8234588
8234588
8234588
8234588
8234588
8234556
8234588
8234580
8234548
8234548
8234580
8234580
8234580
8234580
8234580
8234580
8234580
8234580
8234580
8234580
8234580
8234580
8234580
8234580
8234580
8234580
8234580
8234580
8234548
8234548
8234548
8234580
8234548
8234580
8234580
8234580
8234580
8234580
8234548
8234548
8234580
8234580
8234580
8234572
8234572
8234572
8234572
8234572
8234540
8234572
8234572
8234572
8234572
8234540
8234572
8234572
8234572
8234572
8234572
8234572
8234540
8234572
8234540
8234572
8234572
8234572
8234604
8234636
8234636
8234636
8234636
8234604
8234636
8234604
8234636
8234604
8234636
8234636
8234636
8234636
8234636
8234604
8234636
8234636
8234636
8234636
8234636
8234636
8234604
8234604
8234604
8234636
8234636
8234636
8234604
8234636
8234636
8234604
8234636
8234636
8234636
8234604
8234636
8234604
8234604
8234636
8234604
8234636
8234636
8234636
8234636
8234636
8234636
8234604
8234604
8234636
8234636
8234604
8234604
8234636
8234636
8234604
8234636
8234636
8234604
8234636
8234636
8234636
8234636
8234636
8234604
8234636
8234636
8234636
8234636
8234604
8234636
8234636
8234604
8234636
8234636
8234604
8234604
8234636
8234604
8234604
8234636
8234636
8234636
8234636
8234636
8234636
8234604
8234604
8234636
8234604
8234636
8234636
8234636
8234604
8234604
8234604
8234604
8234604
8234604
8234636
8234636
8234636
8234604
8234604
8234636
8234636
8234636
8234636
8234636
8234636
8234636
8234636
8234604
8234636
8234636
8234636
8234636
8234604
8234604
8234604
8234604
8234604
8234604
8234572
8234604
8234604
8234604
8234572
8234604
8234604
8234604
8234604
8234604
8234604
8234604
8234604
8234604
8234604
8234604
8234572
8234604
8234572
8234604
8234604
8234604
8234604
8234604
8234604
8234604
8234572
8234572
8234604
8234604
8234604
8234572
8234572
8234604
8234604
8234572
8234604
8234572
8234604
8234604
8234604
8234604
8234572
8234604
8234604
8234604
8234604
8234572
8234604
8234604
8234604
8234604
8234604
8234604
8234604
8234572
8234604
8234572
8234572
8234572
8234604
8234572
8234604
8234604
8234572
8234604
8234604
8234604
8234572
8234604
8234604
8234604
8234604
8234604
8234572
8234604
8234604
8234572
8234604
8234572
8234604
8234604
8234604
8234572
8234604
8234604
8234604
8234604
8234604
8234604
8234604
8234604
8234604
8234604
8234572
8234604
8234572
8234604
8234572
8234604
8234604
8234572
8234572
8234604
8234572
8234572
8234604
8234572
8234604
8234604
8234604
8234604
8234572
8234572
8234572
8234604
8234604
8234572
8234604
8234572
8234604
8234604
8234604
8234604
8234604
8234572
8234572
8234604
8234604
8234604
8234604
8234604
8234604
8234572
8234604
8234604
8234604
8234604
8234572
8234572
8234572
8234604
8234604
8234604
8234604
8234572
8234604
8234604
8234604
8234604
8234572
8234604
8234572
8234604
8234604
8234572
8234604
8234572
8234604
8234572
8234572
8234604
8234572
8234604
8234572
8234604
8234572
8234604
8234572
8234604
8234604
8234572
8234604
8234604
8234604
8234604
8234604
8234604
8234604
8234604
8234572
8234604
8234604
8234604
8234604
8234604
8234604
8234604
8234604
8234572
8234604
8234604
8234604
8234572
8234572
8234604
8234604
8234604
8234572
8234604
8234572
8234604
8234604
8234572
8234572
8234604
8234604
8234604
8234604
8234604
8234572
8234604
8234604
8234572
8234604
8234572
8234604
8234604
8234572
8234572
8234292
8234292
8234364
8234364
8234364
8234364
8234364
8234364
8234364
8234332
8234332
8234364
8234364
8234364
8234364
8234364
8234332
8234332
8234332
8234364
8234364
8234332
8234364
8234396
8234428
8234428
8234396
8234396
8234428
8234428
8234396
8234428
8234396
8234428
8234428
8234428
8234428
8234428
8234428
8234428
8234428
8234428
8234396
8234428
8234428
8234428
8234428
8234396
8234428
8234428
8234396
8234396
8234428
8234428
8234396
8234396
8234428
8234428
8234396
8234396
8234428
8234428
8234428
8234428
8234428
8234428
8234428
8234428
8234428
8234428
8234428
8234428
8234428
8234396
8234396
8234428
8234428
8234428
8234428
8234396
8234428
8234428
8234428
8234428
8234428
8234428
8234428
8234520
8234520
8234520
8234552
8234552
8234552
8234552
8234552
8234552
8234552
8234552
8234552
8234520
8234552
8234552
8234552
8234552
8234552
8234520
8234520
8234552
8234520
8234520
8234520
8234520
8234488
8234520
8234520
8234520
8234520
8234488
8234488
8234520
8234488
8234520
8234520
8234520
8234520
8234520
8234520
8234520
8234520
8234488
8234488
8234520
8234520
8234488
