1062452
1062452
1062452
1062452
1062420
1059588
1059620
1059620
1059588
1059652
1059652
1059652
1059652
1059652
1059620
1059652
1059652
1059652
1059652
1059652
1059652
1059652
1059652
1059652
1059652
1059652
1059652
1059652
1059652
1059652
1059620
1059620
1059652
1059652
1059620
1059620
1059620
1059620
1059652
1059652
1059652
1059652
1059652
1059652
1059652
1059652
1059652
1059652
1059652
1059652
1059652
1059652
1059652
1059652
1059620
1059620
1059652
1059620
1059620
1059652
1059652
1059620
1059620
1059652
1059652
1059652
1059620
1059620
1059652
1059620
1059620
1059620
1059652
1059652
1059652
1059652
1059652
1059652
1059652
1059652
1059652
1059652
1059652
1059652
1059652
1059652
1059652
1059652
1059620
1059620
1059620
1059620
1059652
1059652
1059560
1059560
1059560
1059560
1059616
1059616
1059616
1059616
1059616
1059616
1059584
1059584
1059584
1059584
1059584
1059616
1059616
1059616
1059616
1059616
1059616
1059616
1059616
1059616
1059616
1059616
1059616
1059616
1059584
1059584
1059616
1059616
1059616
1059616
1059616
1059616
1059616
1059552
1059552
1059584
1059584
1059584
1059584
1059552
1059584
1059584
1059552
1059584
1059584
1059584
1059584
1059552
1059584
1059584
1059584
1059584
1059584
1059584
1059552
1059584
1059584
1059552
1059552
1059584
1059584
1059584
1059552
1059552
1059584
1059584
1059552
1059552
1059584
1059584
1059584
1059584
1059584
1059584
1059584
1059584
1059584
1059584
1059584
1059584
1059552
1059616
1059616
1059616
1059616
1059616
1059648
1059648
1059616
1059616
1059648
1059616
1059616
1059616
1059648
1059648
1059648
1059648
1059648
1059648
1059648
1059648
1059648
1059648
1059648
1059616
1059616
1059616
1059616
1059648
1059616
1059616
1059648
1059648
1059616
1059648
1059648
1059648
1059648
1059648
1059648
1059648
1059648
1059648
1059648
1059648
1059648
1059648
1059648
1059616
1059616
1059616
1059616
1059648
1059648
1059648
1059672
1059672
1059640
1059640
1059672
1059672
1059672
1059640
1059640
1059768
1059768
1059768
1059768
1059768
1059768
1059768
1059768
1059768
1059704
1059736
1059736
1059704
1059704
1059736
1059736
1059736
1059736
1059736
1059736
1059736
1059704
1059704
1059704
1059736
1059736
1059736
1059736
1059736
1059736
1059704
1059736
1059736
1059736
1059736
1059736
1059736
1059736
1059736
1059736
1059704
1059704
1059736
1059736
1059704
1059736
1059736
1059640
1059640
1059672
1059672
1059640
1059672
1059672
1059672
1059672
1059672
1059672
1059640
1059640
1059640
1059640
1059640
1059640
1059640
1059640
1059640
1059640
1059640
1059640
1059640
1059640
1059640
1059640
1059640
1059640
1059640
1059640
1059640
1059640
1059640
1059640
1059640
1059640
1059640
1059640
1059640
1059640
1059640
1059608
1059608
1059608
1059608
1059608
1059640
1059640
1059608
1059640
1059640
1059640
1059640
1059640
1059640
1059640
1059640
1059640
1059640
1059640
1059640
1059640
1059640
1059608
1059608
1059640
1059640
1059640
1059640
1059640
1059640
1059640
1059640
1059640
1059608
1059608
1059640
1059640
1059640
1059640
1059640
1059608
1059608
1059640
1059640
1059640
1059608
1059608
1059640
1059640
1059608
1059640
1059640
1059608
1059608
1059640
1059640
1059640
1059640
1059640
1059608
1059608
1059640
1059640
1059608
1059608
1059608
1059640
1059640
1059640
1059608
1059608
1059640
1059640
1059640
1059608
1059608
1059640
1059608
1059608
1059736
1059640
1059640
1059640
1059640
1059640
1059640
1059640
1059640
1059640
1059640
